2025-11-08 22:13:08,880 [INFO] - --------------------------------------------------
2025-11-08 22:13:08,880 [INFO] - Data Pipeline started at 202511082213
2025-11-08 22:13:08,880 [INFO] - Asset: BTCUSDT | Bar type: volume
2025-11-08 22:13:09,596 [INFO] - Connected to wss://stream.binance.com:9443/ws/btcusdt@trade
2025-11-08 22:13:09,648 [INFO] - Saved 1 rows to data\btcusdt
2025-11-08 22:13:15,436 [INFO] - Fetched 0 rows for BTCUSDT
2025-11-08 22:13:15,438 [INFO] - Processing raw file: data/BTCUSDT\2025102617_tradedata.jsonl
2025-11-08 22:13:15,495 [INFO] - Raw shape: (5000, 9)
2025-11-08 22:13:15,600 [INFO] - Bars created: (87, 6)
2025-11-08 22:13:15,605 [INFO] - Saved bars -> data/BTCUSDT\2025102617_volumebars0.05.csv
2025-11-08 22:13:15,605 [INFO] - Processing raw file: data/BTCUSDT\2025102820_tradedata.jsonl
2025-11-08 22:13:17,235 [INFO] - Raw shape: (223239, 9)
2025-11-08 22:13:18,192 [INFO] - Bars created: (7421, 6)
2025-11-08 22:13:18,261 [INFO] - Saved bars -> data/BTCUSDT\2025102820_volumebars0.05.csv
2025-11-08 22:13:18,261 [INFO] - Processing raw file: data/BTCUSDT\2025102821_tradedata.jsonl
2025-11-08 22:13:20,067 [INFO] - Raw shape: (250743, 9)
2025-11-08 22:13:21,140 [INFO] - Bars created: (6219, 6)
2025-11-08 22:13:21,199 [INFO] - Saved bars -> data/BTCUSDT\2025102821_volumebars0.05.csv
2025-11-08 22:13:21,200 [INFO] - Processing raw file: data/BTCUSDT\2025102822_tradedata.jsonl
2025-11-08 22:13:21,433 [INFO] - Raw shape: (26018, 9)
2025-11-08 22:13:21,548 [INFO] - Bars created: (839, 6)
2025-11-08 22:13:21,558 [INFO] - Saved bars -> data/BTCUSDT\2025102822_volumebars0.05.csv
2025-11-08 22:13:21,558 [INFO] - Processing raw file: data/BTCUSDT\2025110822_tradedata.jsonl
2025-11-08 22:13:21,581 [INFO] - Raw shape: (1, 9)
2025-11-08 22:13:21,583 [INFO] - Bars created: (1, 6)
2025-11-08 22:13:21,585 [INFO] - Saved bars -> data/BTCUSDT\2025110822_volumebars0.05.csv
2025-11-08 22:13:21,585 [INFO] - Total 5 bar files generated
2025-11-08 22:13:21,586 [INFO] - Combining 5 CSV files
2025-11-08 22:13:21,591 [INFO] - Loaded data/BTCUSDT\2025102617_volumebars0.05.csv, shape=(86, 6)
2025-11-08 22:13:21,618 [INFO] - Loaded data/BTCUSDT\2025102820_volumebars0.05.csv, shape=(7420, 6)
2025-11-08 22:13:21,646 [INFO] - Loaded data/BTCUSDT\2025102821_volumebars0.05.csv, shape=(6218, 6)
2025-11-08 22:13:21,662 [INFO] - Loaded data/BTCUSDT\2025102822_volumebars0.05.csv, shape=(838, 6)
2025-11-08 22:13:21,675 [INFO] - Loaded data/BTCUSDT\2025110822_volumebars0.05.csv, shape=(0, 6)
2025-11-08 22:13:21,685 [INFO] - Combined dataset shape: (14562, 6)
2025-11-08 22:13:21,702 [INFO] - Feature matrix created with shape: (14540, 15)
2025-11-08 22:13:22,032 [INFO] - Detected 6034 events
2025-11-08 22:13:26,483 [INFO] - Labeled 6034 valid bins
2025-11-08 22:13:30,359 [INFO] - Computed sample weights for 6034 events
2025-11-08 22:28:20,504 [INFO] - Bootstrapped 3000 samples
2025-11-08 22:28:20,504 [INFO] - Applying fractional differencing (d=0.6, thres=0.04)
2025-11-08 22:28:28,998 [INFO] - FFD complete -> dropped 3 rows, kept 2998
2025-11-08 22:28:29,014 [INFO] - Final dataset ready -> shape=(2998, 18)
2025-11-08 22:28:29,015 [INFO] - Pipeline completed successfully for BTCUSDT
2025-11-08 22:28:29,153 [INFO] - --------------------------------------------------
2025-11-08 22:28:29,154 [INFO] - Training Pipeline started at: 202511082228
2025-11-08 22:28:29,934 [INFO] - Model achieved an accuracy of: 0.7233
2025-11-08 22:28:34,366 [INFO] - The score after 5 PurgedKFold CVs is: [0.73767465]
2025-11-08 22:28:35,037 [INFO] - Confusion matrix saved at: runs/202511082213/results\confusion_matrix.png
2025-11-08 22:28:35,654 [INFO] - MDI feature importance saved at: runs/202511082213/results\mdi.png
2025-11-08 22:28:40,257 [INFO] - Mean and std deviation by each feature in MDA:
2025-11-08 22:28:40,264 [INFO] - 
                  mean  std
close         0.013277  NaN
volume       -0.051766  NaN
ret           0.382453  NaN
rw_mean       0.005972  NaN
rw_std        -0.01862  NaN
zscore        0.018497  NaN
ema_fast      0.006425  NaN
ema_slow     -0.005769  NaN
mom          -0.031494  NaN
ret_sign      0.018057  NaN
ret_sign_sum  0.023988  NaN
ret_lag1      0.000085  NaN
ret_lag2      0.030092  NaN
ret_lag3      0.000523  NaN
2025-11-08 22:28:40,265 [INFO] - The MDA score is: 0.7278
2025-11-08 22:28:40,956 [INFO] - MDA feature importance saved at: runs/202511082213/results\mda.png
2025-11-08 22:29:16,007 [INFO] - SFI feature importanced saved at : runs/202511082213/results/sfi.png
